{"contracts/Candidate.sol":{"l":{"12":2,"13":2,"17":1},"path":"/Users/proofx/PycharmProjects/vera_contracts/SmartContracts/contracts/Candidate.sol","s":{"1":2,"2":2},"b":{},"f":{"1":2,"2":1},"fnMap":{"1":{"name":"Candidate","line":11,"loc":{"start":{"line":11,"column":4},"end":{"line":11,"column":57}}},"2":{"name":"subscribe","line":16,"loc":{"start":{"line":16,"column":4},"end":{"line":16,"column":56}}}},"statementMap":{"1":{"start":{"line":12,"column":8},"end":{"line":12,"column":15}},"2":{"start":{"line":13,"column":8},"end":{"line":13,"column":31}}},"branchMap":{}},"contracts/Employer.sol":{"l":{"14":16,"15":16,"16":16,"20":1,"24":1,"28":4,"32":1,"36":1,"40":1,"44":2,"48":1,"52":1,"56":19},"path":"/Users/proofx/PycharmProjects/vera_contracts/SmartContracts/contracts/Employer.sol","s":{"1":16,"2":16,"3":16},"b":{},"f":{"1":16,"2":1,"3":1,"4":4,"5":1,"6":1,"7":1,"8":2,"9":1,"10":1,"11":19},"fnMap":{"1":{"name":"Employer","line":13,"loc":{"start":{"line":13,"column":4},"end":{"line":13,"column":72}}},"2":{"name":"approve_money","line":19,"loc":{"start":{"line":19,"column":4},"end":{"line":19,"column":58}}},"3":{"name":"disable_vac","line":23,"loc":{"start":{"line":23,"column":4},"end":{"line":23,"column":54}}},"4":{"name":"enable_vac","line":27,"loc":{"start":{"line":27,"column":4},"end":{"line":27,"column":53}}},"5":{"name":"approve_level_up","line":31,"loc":{"start":{"line":31,"column":4},"end":{"line":31,"column":83}}},"6":{"name":"reset_candidate_action","line":35,"loc":{"start":{"line":35,"column":4},"end":{"line":35,"column":84}}},"7":{"name":"change_vacancy_allowance_amount","line":39,"loc":{"start":{"line":39,"column":4},"end":{"line":39,"column":96}}},"8":{"name":"move_vacancy_pipeline_action","line":43,"loc":{"start":{"line":43,"column":4},"end":{"line":43,"column":103}}},"9":{"name":"change_vacancy_pipeline_action","line":47,"loc":{"start":{"line":47,"column":4},"end":{"line":47,"column":141}}},"10":{"name":"delete_vacancy_pipeline_action","line":51,"loc":{"start":{"line":51,"column":4},"end":{"line":51,"column":100}}},"11":{"name":"new_vacancy_pipeline_action","line":55,"loc":{"start":{"line":55,"column":4},"end":{"line":55,"column":116}}}},"statementMap":{"1":{"start":{"line":14,"column":8},"end":{"line":14,"column":15}},"2":{"start":{"line":15,"column":8},"end":{"line":15,"column":28}},"3":{"start":{"line":16,"column":8},"end":{"line":16,"column":31}}},"branchMap":{}},"contracts/lifecycle/Pausable.sol":{"l":{"12":4,"13":3,"17":2,"18":1,"22":3,"23":3,"27":1,"28":1},"path":"/Users/proofx/PycharmProjects/vera_contracts/SmartContracts/contracts/lifecycle/Pausable.sol","s":{"1":4,"2":2,"3":3,"4":3,"5":1,"6":1},"b":{"1":[3,1],"2":[1,1]},"f":{"1":4,"2":2,"3":3,"4":1},"fnMap":{"1":{"name":"whenNotPaused","line":11,"loc":{"start":{"line":11,"column":4},"end":{"line":11,"column":26}}},"2":{"name":"whenPaused","line":16,"loc":{"start":{"line":16,"column":4},"end":{"line":16,"column":23}}},"3":{"name":"pause","line":21,"loc":{"start":{"line":21,"column":4},"end":{"line":21,"column":49}}},"4":{"name":"unpause","line":26,"loc":{"start":{"line":26,"column":4},"end":{"line":26,"column":48}}}},"statementMap":{"1":{"start":{"line":12,"column":8},"end":{"line":12,"column":23}},"2":{"start":{"line":17,"column":8},"end":{"line":17,"column":22}},"3":{"start":{"line":22,"column":8},"end":{"line":22,"column":20}},"4":{"start":{"line":23,"column":8},"end":{"line":23,"column":14}},"5":{"start":{"line":27,"column":8},"end":{"line":27,"column":21}},"6":{"start":{"line":28,"column":8},"end":{"line":28,"column":16}}},"branchMap":{"1":{"line":12,"type":"if","locations":[{"start":{"line":12,"column":8},"end":{"line":12,"column":8}},{"start":{"line":12,"column":8},"end":{"line":12,"column":8}}]},"2":{"line":17,"type":"if","locations":[{"start":{"line":17,"column":8},"end":{"line":17,"column":8}},{"start":{"line":17,"column":8},"end":{"line":17,"column":8}}]}}},"contracts/math/Math.sol":{"l":{"10":1,"14":1,"18":1,"22":1},"path":"/Users/proofx/PycharmProjects/vera_contracts/SmartContracts/contracts/math/Math.sol","s":{"1":1,"2":1,"3":1,"4":1},"b":{},"f":{"1":1,"2":1,"3":1,"4":1},"fnMap":{"1":{"name":"max64","line":9,"loc":{"start":{"line":9,"column":2},"end":{"line":9,"column":67}}},"2":{"name":"min64","line":13,"loc":{"start":{"line":13,"column":2},"end":{"line":13,"column":67}}},"3":{"name":"max256","line":17,"loc":{"start":{"line":17,"column":2},"end":{"line":17,"column":71}}},"4":{"name":"min256","line":21,"loc":{"start":{"line":21,"column":2},"end":{"line":21,"column":71}}}},"statementMap":{"1":{"start":{"line":10,"column":4},"end":{"line":10,"column":25}},"2":{"start":{"line":14,"column":4},"end":{"line":14,"column":24}},"3":{"start":{"line":18,"column":4},"end":{"line":18,"column":25}},"4":{"start":{"line":22,"column":4},"end":{"line":22,"column":24}}},"branchMap":{}},"contracts/math/SafeMath.sol":{"l":{"14":35,"15":1,"17":34,"18":34,"19":33,"29":34,"36":215,"37":212,"44":92,"45":92,"46":91},"path":"/Users/proofx/PycharmProjects/vera_contracts/SmartContracts/contracts/math/SafeMath.sol","s":{"1":35,"2":1,"3":34,"4":34,"5":33,"6":34,"7":215,"8":212,"9":92,"10":92,"11":91},"b":{"1":[1,34],"2":[33,1],"3":[212,3],"4":[91,1]},"f":{"1":35,"2":34,"3":215,"4":92},"fnMap":{"1":{"name":"mul","line":13,"loc":{"start":{"line":13,"column":2},"end":{"line":13,"column":70}}},"2":{"name":"div","line":25,"loc":{"start":{"line":25,"column":2},"end":{"line":25,"column":68}}},"3":{"name":"sub","line":35,"loc":{"start":{"line":35,"column":2},"end":{"line":35,"column":68}}},"4":{"name":"add","line":43,"loc":{"start":{"line":43,"column":2},"end":{"line":43,"column":70}}}},"statementMap":{"1":{"start":{"line":14,"column":4},"end":{"line":14,"column":283}},"2":{"start":{"line":15,"column":6},"end":{"line":15,"column":14}},"3":{"start":{"line":17,"column":4},"end":{"line":17,"column":12}},"4":{"start":{"line":18,"column":4},"end":{"line":18,"column":21}},"5":{"start":{"line":19,"column":4},"end":{"line":19,"column":12}},"6":{"start":{"line":29,"column":4},"end":{"line":29,"column":16}},"7":{"start":{"line":36,"column":4},"end":{"line":36,"column":17}},"8":{"start":{"line":37,"column":4},"end":{"line":37,"column":16}},"9":{"start":{"line":44,"column":4},"end":{"line":44,"column":12}},"10":{"start":{"line":45,"column":4},"end":{"line":45,"column":17}},"11":{"start":{"line":46,"column":4},"end":{"line":46,"column":12}}},"branchMap":{"1":{"line":14,"type":"if","locations":[{"start":{"line":14,"column":4},"end":{"line":14,"column":4}},{"start":{"line":14,"column":4},"end":{"line":14,"column":4}}]},"2":{"line":18,"type":"if","locations":[{"start":{"line":18,"column":4},"end":{"line":18,"column":4}},{"start":{"line":18,"column":4},"end":{"line":18,"column":4}}]},"3":{"line":36,"type":"if","locations":[{"start":{"line":36,"column":4},"end":{"line":36,"column":4}},{"start":{"line":36,"column":4},"end":{"line":36,"column":4}}]},"4":{"line":45,"type":"if","locations":[{"start":{"line":45,"column":4},"end":{"line":45,"column":4}},{"start":{"line":45,"column":4},"end":{"line":45,"column":4}}]}}},"contracts/mocks/MathMock.sol":{"l":{"12":1,"16":1,"20":1,"24":1},"path":"/Users/proofx/PycharmProjects/vera_contracts/SmartContracts/contracts/mocks/MathMock.sol","s":{"1":1,"2":1,"3":1,"4":1},"b":{},"f":{"1":1,"2":1,"3":1,"4":1},"fnMap":{"1":{"name":"max64","line":11,"loc":{"start":{"line":11,"column":4},"end":{"line":11,"column":43}}},"2":{"name":"min64","line":15,"loc":{"start":{"line":15,"column":4},"end":{"line":15,"column":43}}},"3":{"name":"max256","line":19,"loc":{"start":{"line":19,"column":4},"end":{"line":19,"column":46}}},"4":{"name":"min256","line":23,"loc":{"start":{"line":23,"column":4},"end":{"line":23,"column":46}}}},"statementMap":{"1":{"start":{"line":12,"column":8},"end":{"line":12,"column":34}},"2":{"start":{"line":16,"column":8},"end":{"line":16,"column":34}},"3":{"start":{"line":20,"column":8},"end":{"line":20,"column":36}},"4":{"start":{"line":24,"column":8},"end":{"line":24,"column":36}}},"branchMap":{}},"contracts/mocks/SafeMathMock.sol":{"l":{"10":3,"14":2,"18":2,"22":2},"path":"/Users/proofx/PycharmProjects/vera_contracts/SmartContracts/contracts/mocks/SafeMathMock.sol","s":{"1":3,"2":2,"3":2,"4":2},"b":{},"f":{"1":3,"2":2,"3":2,"4":2},"fnMap":{"1":{"name":"mul","line":9,"loc":{"start":{"line":9,"column":2},"end":{"line":9,"column":66}}},"2":{"name":"div","line":13,"loc":{"start":{"line":13,"column":2},"end":{"line":13,"column":66}}},"3":{"name":"sub","line":17,"loc":{"start":{"line":17,"column":2},"end":{"line":17,"column":66}}},"4":{"name":"add","line":21,"loc":{"start":{"line":21,"column":2},"end":{"line":21,"column":66}}}},"statementMap":{"1":{"start":{"line":10,"column":4},"end":{"line":10,"column":29}},"2":{"start":{"line":14,"column":4},"end":{"line":14,"column":29}},"3":{"start":{"line":18,"column":4},"end":{"line":18,"column":29}},"4":{"start":{"line":22,"column":4},"end":{"line":22,"column":29}}},"branchMap":{}},"contracts/Oracle.sol":{"l":{"88":282,"89":280,"93":85,"94":83,"98":108,"99":108,"100":108,"101":108,"102":108,"106":5,"107":5,"108":5,"113":1,"117":1,"121":1,"125":1,"129":24,"135":2,"139":2,"143":75,"148":1,"152":16,"157":1,"161":2,"165":47,"166":41,"168":6,"173":73,"174":73,"175":73,"180":175,"181":175,"182":174,"190":3,"191":2,"195":11,"196":11,"197":10,"198":10,"199":1,"200":1,"202":10,"206":6,"207":1,"209":5,"210":5,"211":4,"212":4,"213":4,"214":2,"215":3,"216":3,"219":2,"220":3,"221":3,"224":4,"225":4,"229":5,"233":1,"237":1,"241":2,"245":46,"249":26,"253":247,"257":3,"261":40,"265":42,"266":41,"267":41,"268":41,"273":41,"275":40,"276":2,"277":2,"279":38,"280":38,"281":33,"282":32,"283":32,"284":32,"285":30,"286":30,"288":35,"289":4,"291":31,"296":13,"297":12,"298":10,"302":33,"303":32,"307":4,"308":3,"309":3,"310":3,"315":3,"316":3,"320":3,"321":3,"322":2,"324":3,"328":3,"329":1,"330":1,"332":3},"path":"/Users/proofx/PycharmProjects/vera_contracts/SmartContracts/contracts/Oracle.sol","s":{"1":282,"2":85,"3":108,"4":108,"5":108,"6":108,"7":108,"8":5,"9":5,"10":5,"11":1,"12":1,"13":1,"14":1,"15":24,"16":24,"17":2,"18":2,"19":75,"20":1,"21":16,"22":1,"23":2,"24":47,"25":41,"26":6,"27":73,"28":73,"29":73,"30":175,"31":175,"32":3,"33":2,"34":11,"35":11,"36":10,"37":1,"38":1,"39":6,"40":1,"41":5,"42":5,"43":4,"44":4,"45":2,"46":3,"47":3,"48":2,"49":3,"50":3,"51":4,"52":4,"53":5,"54":1,"55":1,"56":2,"57":46,"58":26,"59":247,"60":3,"61":40,"62":42,"63":41,"64":41,"65":41,"66":40,"67":2,"68":2,"69":38,"70":38,"71":33,"72":32,"73":32,"74":30,"75":35,"76":4,"77":31,"78":13,"79":12,"80":10,"81":33,"82":32,"83":4,"84":3,"85":3,"86":3,"87":3,"88":3,"89":3,"90":3,"91":3,"92":3,"93":3,"94":1},"b":{"1":[280,2],"2":[83,2],"3":[41,6],"4":[174,1],"5":[2,1],"6":[10,1],"7":[1,5],"8":[4,1],"9":[2,2],"10":[41,1],"11":[40,1],"12":[2,38],"13":[33,5],"14":[32,1],"15":[4,31],"16":[12,1],"17":[10,2],"18":[32,1],"19":[3,1]},"f":{"1":282,"2":85,"3":108,"4":5,"5":1,"6":1,"7":1,"8":1,"9":24,"10":2,"11":2,"12":75,"13":1,"14":16,"15":1,"16":2,"17":47,"18":73,"19":175,"20":3,"21":11,"22":6,"23":5,"24":1,"25":1,"26":2,"27":46,"28":26,"29":247,"30":3,"31":40,"32":42,"33":41,"34":13,"35":33,"36":4,"37":3,"38":3,"39":3},"fnMap":{"1":{"name":"onlyEmployer","line":87,"loc":{"start":{"line":87,"column":4},"end":{"line":87,"column":38}}},"2":{"name":"whenVacancyEnabled","line":92,"loc":{"start":{"line":92,"column":4},"end":{"line":92,"column":44}}},"3":{"name":"Oracle","line":97,"loc":{"start":{"line":97,"column":4},"end":{"line":97,"column":96}}},"4":{"name":"new_fact","line":105,"loc":{"start":{"line":105,"column":4},"end":{"line":105,"column":70}}},"5":{"name":"keys_of_facts_length","line":112,"loc":{"start":{"line":112,"column":4},"end":{"line":112,"column":78}}},"6":{"name":"keys_of_facts","line":116,"loc":{"start":{"line":116,"column":4},"end":{"line":116,"column":76}}},"7":{"name":"fact_key_by_id","line":120,"loc":{"start":{"line":120,"column":4},"end":{"line":120,"column":91}}},"8":{"name":"get_fact","line":124,"loc":{"start":{"line":124,"column":4},"end":{"line":124,"column":114}}},"9":{"name":"new_pipeline_max_length","line":128,"loc":{"start":{"line":128,"column":4},"end":{"line":128,"column":69}}},"10":{"name":"new_service_fee","line":134,"loc":{"start":{"line":134,"column":4},"end":{"line":134,"column":63}}},"11":{"name":"new_beneficiary","line":138,"loc":{"start":{"line":138,"column":4},"end":{"line":138,"column":65}}},"12":{"name":"new_employer","line":142,"loc":{"start":{"line":142,"column":4},"end":{"line":142,"column":59}}},"13":{"name":"get_employers","line":147,"loc":{"start":{"line":147,"column":4},"end":{"line":147,"column":58}}},"14":{"name":"new_candidate","line":151,"loc":{"start":{"line":151,"column":4},"end":{"line":151,"column":61}}},"15":{"name":"get_candidates","line":156,"loc":{"start":{"line":156,"column":4},"end":{"line":156,"column":59}}},"16":{"name":"change_candidate_status","line":160,"loc":{"start":{"line":160,"column":4},"end":{"line":160,"column":97}}},"17":{"name":"get_candidate_current_action_index","line":164,"loc":{"start":{"line":164,"column":4},"end":{"line":164,"column":113}}},"18":{"name":"new_vacancy","line":172,"loc":{"start":{"line":172,"column":4},"end":{"line":172,"column":99}}},"19":{"name":"new_vacancy_pipeline_action","line":179,"loc":{"start":{"line":179,"column":4},"end":{"line":179,"column":130}}},"20":{"name":"change_vacancy_pipeline_action","line":185,"loc":{"start":{"line":185,"column":4},"end":{"line":189,"column":51}}},"21":{"name":"delete_vacancy_pipeline_action","line":194,"loc":{"start":{"line":194,"column":4},"end":{"line":194,"column":129}}},"22":{"name":"move_vacancy_pipeline_action","line":205,"loc":{"start":{"line":205,"column":4},"end":{"line":205,"column":125}}},"23":{"name":"change_vacancy_amount","line":228,"loc":{"start":{"line":228,"column":4},"end":{"line":228,"column":92}}},"24":{"name":"employer_vacancies_length","line":232,"loc":{"start":{"line":232,"column":4},"end":{"line":232,"column":90}}},"25":{"name":"candidate_vacancies_length","line":236,"loc":{"start":{"line":236,"column":4},"end":{"line":236,"column":84}}},"26":{"name":"vacancy_candidates_length","line":240,"loc":{"start":{"line":240,"column":4},"end":{"line":240,"column":82}}},"27":{"name":"employer_vacancies","line":244,"loc":{"start":{"line":244,"column":4},"end":{"line":244,"column":88}}},"28":{"name":"employer_vacancy_by_id","line":248,"loc":{"start":{"line":248,"column":4},"end":{"line":248,"column":106}}},"29":{"name":"get_vacancy_pipeline_length","line":252,"loc":{"start":{"line":252,"column":4},"end":{"line":252,"column":83}}},"30":{"name":"disable_vac","line":256,"loc":{"start":{"line":256,"column":4},"end":{"line":256,"column":64}}},"31":{"name":"enable_vac","line":260,"loc":{"start":{"line":260,"column":4},"end":{"line":260,"column":63}}},"32":{"name":"subscribe","line":264,"loc":{"start":{"line":264,"column":4},"end":{"line":264,"column":66}}},"33":{"name":"process_action","line":272,"loc":{"start":{"line":272,"column":4},"end":{"line":272,"column":103}}},"34":{"name":"level_up","line":295,"loc":{"start":{"line":295,"column":4},"end":{"line":295,"column":75}}},"35":{"name":"approve_level_up","line":301,"loc":{"start":{"line":301,"column":4},"end":{"line":301,"column":97}}},"36":{"name":"reset_candidate_action","line":306,"loc":{"start":{"line":306,"column":4},"end":{"line":306,"column":93}}},"37":{"name":"removeByValue","line":314,"loc":{"start":{"line":314,"column":4},"end":{"line":314,"column":71}}},"38":{"name":"find","line":319,"loc":{"start":{"line":319,"column":4},"end":{"line":319,"column":82}}},"39":{"name":"removeByIndex","line":327,"loc":{"start":{"line":327,"column":4},"end":{"line":327,"column":59}}}},"statementMap":{"1":{"start":{"line":88,"column":8},"end":{"line":88,"column":108}},"2":{"start":{"line":93,"column":8},"end":{"line":93,"column":40}},"3":{"start":{"line":98,"column":8},"end":{"line":98,"column":19}},"4":{"start":{"line":99,"column":8},"end":{"line":99,"column":33}},"5":{"start":{"line":100,"column":8},"end":{"line":100,"column":33}},"6":{"start":{"line":101,"column":8},"end":{"line":101,"column":28}},"7":{"start":{"line":102,"column":8},"end":{"line":102,"column":30}},"8":{"start":{"line":106,"column":8},"end":{"line":106,"column":55}},"9":{"start":{"line":107,"column":8},"end":{"line":107,"column":65}},"10":{"start":{"line":109,"column":13},"end":{"line":109,"column":36}},"11":{"start":{"line":113,"column":8},"end":{"line":113,"column":44}},"12":{"start":{"line":117,"column":8},"end":{"line":117,"column":37}},"13":{"start":{"line":121,"column":8},"end":{"line":121,"column":45}},"14":{"start":{"line":125,"column":8},"end":{"line":125,"column":117}},"15":{"start":{"line":129,"column":8},"end":{"line":129,"column":37}},"16":{"start":{"line":130,"column":13},"end":{"line":130,"column":54}},"17":{"start":{"line":135,"column":8},"end":{"line":135,"column":33}},"18":{"start":{"line":139,"column":8},"end":{"line":139,"column":33}},"19":{"start":{"line":144,"column":13},"end":{"line":144,"column":34}},"20":{"start":{"line":148,"column":8},"end":{"line":148,"column":24}},"21":{"start":{"line":153,"column":13},"end":{"line":153,"column":36}},"22":{"start":{"line":157,"column":8},"end":{"line":157,"column":25}},"23":{"start":{"line":161,"column":8},"end":{"line":161,"column":47}},"24":{"start":{"line":165,"column":8},"end":{"line":165,"column":5287}},"25":{"start":{"line":166,"column":12},"end":{"line":166,"column":21}},"26":{"start":{"line":168,"column":8},"end":{"line":168,"column":68}},"27":{"start":{"line":173,"column":8},"end":{"line":173,"column":42}},"28":{"start":{"line":174,"column":8},"end":{"line":174,"column":50}},"29":{"start":{"line":176,"column":13},"end":{"line":176,"column":48}},"30":{"start":{"line":180,"column":8},"end":{"line":180,"column":65}},"31":{"start":{"line":181,"column":8},"end":{"line":181,"column":47}},"32":{"start":{"line":190,"column":8},"end":{"line":190,"column":70}},"33":{"start":{"line":191,"column":8},"end":{"line":191,"column":93}},"34":{"start":{"line":195,"column":8},"end":{"line":195,"column":71}},"35":{"start":{"line":196,"column":8},"end":{"line":196,"column":47}},"36":{"start":{"line":198,"column":8},"end":{"line":198,"column":6864}},"37":{"start":{"line":199,"column":12},"end":{"line":199,"column":78}},"38":{"start":{"line":200,"column":12},"end":{"line":200,"column":84}},"39":{"start":{"line":206,"column":8},"end":{"line":206,"column":7297}},"40":{"start":{"line":207,"column":12},"end":{"line":207,"column":18}},"41":{"start":{"line":209,"column":8},"end":{"line":209,"column":71}},"42":{"start":{"line":210,"column":8},"end":{"line":210,"column":72}},"43":{"start":{"line":211,"column":8},"end":{"line":211,"column":65}},"44":{"start":{"line":213,"column":8},"end":{"line":213,"column":7599}},"45":{"start":{"line":214,"column":12},"end":{"line":214,"column":7642}},"46":{"start":{"line":215,"column":16},"end":{"line":215,"column":82}},"47":{"start":{"line":216,"column":16},"end":{"line":216,"column":88}},"48":{"start":{"line":219,"column":12},"end":{"line":219,"column":7901}},"49":{"start":{"line":220,"column":16},"end":{"line":220,"column":82}},"50":{"start":{"line":221,"column":16},"end":{"line":221,"column":88}},"51":{"start":{"line":224,"column":8},"end":{"line":224,"column":23}},"52":{"start":{"line":225,"column":8},"end":{"line":225,"column":49}},"53":{"start":{"line":229,"column":8},"end":{"line":229,"column":42}},"54":{"start":{"line":233,"column":8},"end":{"line":233,"column":54}},"55":{"start":{"line":237,"column":8},"end":{"line":237,"column":53}},"56":{"start":{"line":241,"column":8},"end":{"line":241,"column":54}},"57":{"start":{"line":245,"column":8},"end":{"line":245,"column":47}},"58":{"start":{"line":249,"column":8},"end":{"line":249,"column":55}},"59":{"start":{"line":253,"column":8},"end":{"line":253,"column":45}},"60":{"start":{"line":257,"column":8},"end":{"line":257,"column":39}},"61":{"start":{"line":261,"column":8},"end":{"line":261,"column":38}},"62":{"start":{"line":265,"column":8},"end":{"line":265,"column":75}},"63":{"start":{"line":268,"column":8},"end":{"line":268,"column":56}},"64":{"start":{"line":269,"column":13},"end":{"line":269,"column":40}},"65":{"start":{"line":273,"column":8},"end":{"line":273,"column":62}},"66":{"start":{"line":275,"column":8},"end":{"line":275,"column":10076}},"67":{"start":{"line":276,"column":12},"end":{"line":276,"column":63}},"68":{"start":{"line":277,"column":12},"end":{"line":277,"column":18}},"69":{"start":{"line":279,"column":8},"end":{"line":279,"column":120}},"70":{"start":{"line":280,"column":8},"end":{"line":280,"column":10406}},"71":{"start":{"line":281,"column":12},"end":{"line":281,"column":70}},"72":{"start":{"line":282,"column":12},"end":{"line":282,"column":80}},"73":{"start":{"line":283,"column":12},"end":{"line":283,"column":76}},"74":{"start":{"line":286,"column":12},"end":{"line":286,"column":94}},"75":{"start":{"line":288,"column":8},"end":{"line":288,"column":10967}},"76":{"start":{"line":289,"column":12},"end":{"line":289,"column":63}},"77":{"start":{"line":291,"column":12},"end":{"line":291,"column":124}},"78":{"start":{"line":296,"column":8},"end":{"line":296,"column":63}},"79":{"start":{"line":297,"column":8},"end":{"line":297,"column":110}},"80":{"start":{"line":298,"column":8},"end":{"line":298,"column":44}},"81":{"start":{"line":302,"column":8},"end":{"line":302,"column":63}},"82":{"start":{"line":303,"column":8},"end":{"line":303,"column":44}},"83":{"start":{"line":307,"column":8},"end":{"line":307,"column":57}},"84":{"start":{"line":308,"column":8},"end":{"line":308,"column":59}},"85":{"start":{"line":309,"column":8},"end":{"line":309,"column":57}},"86":{"start":{"line":310,"column":8},"end":{"line":310,"column":38}},"87":{"start":{"line":311,"column":13},"end":{"line":311,"column":58}},"88":{"start":{"line":315,"column":8},"end":{"line":315,"column":46}},"89":{"start":{"line":316,"column":8},"end":{"line":316,"column":34}},"90":{"start":{"line":320,"column":8},"end":{"line":320,"column":20}},"91":{"start":{"line":321,"column":8},"end":{"line":321,"column":12472}},"92":{"start":{"line":324,"column":8},"end":{"line":324,"column":16}},"93":{"start":{"line":328,"column":8},"end":{"line":328,"column":12656}},"94":{"start":{"line":329,"column":12},"end":{"line":329,"column":88}}},"branchMap":{"1":{"line":88,"type":"if","locations":[{"start":{"line":88,"column":8},"end":{"line":88,"column":8}},{"start":{"line":88,"column":8},"end":{"line":88,"column":8}}]},"2":{"line":93,"type":"if","locations":[{"start":{"line":93,"column":8},"end":{"line":93,"column":8}},{"start":{"line":93,"column":8},"end":{"line":93,"column":8}}]},"3":{"line":165,"type":"if","locations":[{"start":{"line":165,"column":8},"end":{"line":165,"column":8}},{"start":{"line":165,"column":8},"end":{"line":165,"column":8}}]},"4":{"line":181,"type":"if","locations":[{"start":{"line":181,"column":8},"end":{"line":181,"column":8}},{"start":{"line":181,"column":8},"end":{"line":181,"column":8}}]},"5":{"line":190,"type":"if","locations":[{"start":{"line":190,"column":8},"end":{"line":190,"column":8}},{"start":{"line":190,"column":8},"end":{"line":190,"column":8}}]},"6":{"line":196,"type":"if","locations":[{"start":{"line":196,"column":8},"end":{"line":196,"column":8}},{"start":{"line":196,"column":8},"end":{"line":196,"column":8}}]},"7":{"line":206,"type":"if","locations":[{"start":{"line":206,"column":8},"end":{"line":206,"column":8}},{"start":{"line":206,"column":8},"end":{"line":206,"column":8}}]},"8":{"line":210,"type":"if","locations":[{"start":{"line":210,"column":8},"end":{"line":210,"column":8}},{"start":{"line":210,"column":8},"end":{"line":210,"column":8}}]},"9":{"line":213,"type":"if","locations":[{"start":{"line":213,"column":8},"end":{"line":213,"column":8}},{"start":{"line":213,"column":8},"end":{"line":213,"column":8}}]},"10":{"line":265,"type":"if","locations":[{"start":{"line":265,"column":8},"end":{"line":265,"column":8}},{"start":{"line":265,"column":8},"end":{"line":265,"column":8}}]},"11":{"line":273,"type":"if","locations":[{"start":{"line":273,"column":8},"end":{"line":273,"column":8}},{"start":{"line":273,"column":8},"end":{"line":273,"column":8}}]},"12":{"line":275,"type":"if","locations":[{"start":{"line":275,"column":8},"end":{"line":275,"column":8}},{"start":{"line":275,"column":8},"end":{"line":275,"column":8}}]},"13":{"line":280,"type":"if","locations":[{"start":{"line":280,"column":8},"end":{"line":280,"column":8}},{"start":{"line":280,"column":8},"end":{"line":280,"column":8}}]},"14":{"line":281,"type":"if","locations":[{"start":{"line":281,"column":12},"end":{"line":281,"column":12}},{"start":{"line":281,"column":12},"end":{"line":281,"column":12}}]},"15":{"line":288,"type":"if","locations":[{"start":{"line":288,"column":8},"end":{"line":288,"column":8}},{"start":{"line":288,"column":8},"end":{"line":288,"column":8}}]},"16":{"line":296,"type":"if","locations":[{"start":{"line":296,"column":8},"end":{"line":296,"column":8}},{"start":{"line":296,"column":8},"end":{"line":296,"column":8}}]},"17":{"line":297,"type":"if","locations":[{"start":{"line":297,"column":8},"end":{"line":297,"column":8}},{"start":{"line":297,"column":8},"end":{"line":297,"column":8}}]},"18":{"line":302,"type":"if","locations":[{"start":{"line":302,"column":8},"end":{"line":302,"column":8}},{"start":{"line":302,"column":8},"end":{"line":302,"column":8}}]},"19":{"line":307,"type":"if","locations":[{"start":{"line":307,"column":8},"end":{"line":307,"column":8}},{"start":{"line":307,"column":8},"end":{"line":307,"column":8}}]}}},"contracts/ownership/Ownable.sol":{"l":{"7":131,"11":259,"12":254,"16":2,"17":1},"path":"/Users/proofx/PycharmProjects/vera_contracts/SmartContracts/contracts/ownership/Ownable.sol","s":{"1":131,"2":259,"3":2,"4":1},"b":{"1":[254,5],"2":[1,1]},"f":{"1":131,"2":259,"3":2},"fnMap":{"1":{"name":"Ownable","line":6,"loc":{"start":{"line":6,"column":4},"end":{"line":6,"column":27}}},"2":{"name":"onlyOwner","line":10,"loc":{"start":{"line":10,"column":4},"end":{"line":10,"column":22}}},"3":{"name":"newOwner","line":15,"loc":{"start":{"line":15,"column":4},"end":{"line":15,"column":55}}}},"statementMap":{"1":{"start":{"line":7,"column":8},"end":{"line":7,"column":32}},"2":{"start":{"line":11,"column":8},"end":{"line":11,"column":34}},"3":{"start":{"line":16,"column":8},"end":{"line":16,"column":39}},"4":{"start":{"line":17,"column":8},"end":{"line":17,"column":31}}},"branchMap":{"1":{"line":11,"type":"if","locations":[{"start":{"line":11,"column":8},"end":{"line":11,"column":8}},{"start":{"line":11,"column":8},"end":{"line":11,"column":8}}]},"2":{"line":16,"type":"if","locations":[{"start":{"line":16,"column":8},"end":{"line":16,"column":8}},{"start":{"line":16,"column":8},"end":{"line":16,"column":8}}]}}},"contracts/token/BasicToken.sol":{"l":{"21":28,"22":28,"23":28,"24":28,"33":9},"path":"/Users/proofx/PycharmProjects/vera_contracts/SmartContracts/contracts/token/BasicToken.sol","s":{"1":28,"2":28,"3":28,"4":28,"5":9},"b":{},"f":{"1":28,"2":9},"fnMap":{"1":{"name":"transfer","line":20,"loc":{"start":{"line":20,"column":4},"end":{"line":20,"column":63}}},"2":{"name":"balanceOf","line":32,"loc":{"start":{"line":32,"column":4},"end":{"line":32,"column":71}}}},"statementMap":{"1":{"start":{"line":21,"column":8},"end":{"line":21,"column":62}},"2":{"start":{"line":22,"column":8},"end":{"line":22,"column":48}},"3":{"start":{"line":23,"column":8},"end":{"line":23,"column":40}},"4":{"start":{"line":24,"column":8},"end":{"line":24,"column":19}},"5":{"start":{"line":33,"column":8},"end":{"line":33,"column":31}}},"branchMap":{}},"contracts/token/ERC20.sol":{"l":{},"path":"/Users/proofx/PycharmProjects/vera_contracts/SmartContracts/contracts/token/ERC20.sol","s":{},"b":{},"f":{},"fnMap":{},"statementMap":{},"branchMap":{}},"contracts/token/ERC20Basic.sol":{"l":{},"path":"/Users/proofx/PycharmProjects/vera_contracts/SmartContracts/contracts/token/ERC20Basic.sol","s":{},"b":{},"f":{},"fnMap":{},"statementMap":{},"branchMap":{}},"contracts/token/StandardToken.sol":{"l":{"25":62,"30":62,"31":62,"32":61,"33":60,"34":60,"48":26,"50":25,"51":25,"52":25,"62":2},"path":"/Users/proofx/PycharmProjects/vera_contracts/SmartContracts/contracts/token/StandardToken.sol","s":{"1":62,"2":62,"3":62,"4":61,"5":60,"6":60,"7":26,"8":25,"9":25,"10":25,"11":2},"b":{"1":[25,1]},"f":{"1":62,"2":26,"3":2},"fnMap":{"1":{"name":"transferFrom","line":24,"loc":{"start":{"line":24,"column":4},"end":{"line":24,"column":82}}},"2":{"name":"approve","line":42,"loc":{"start":{"line":42,"column":4},"end":{"line":42,"column":67}}},"3":{"name":"allowance","line":61,"loc":{"start":{"line":61,"column":4},"end":{"line":61,"column":91}}}},"statementMap":{"1":{"start":{"line":25,"column":8},"end":{"line":25,"column":54}},"2":{"start":{"line":30,"column":8},"end":{"line":30,"column":48}},"3":{"start":{"line":31,"column":8},"end":{"line":31,"column":52}},"4":{"start":{"line":32,"column":8},"end":{"line":32,"column":58}},"5":{"start":{"line":33,"column":8},"end":{"line":33,"column":35}},"6":{"start":{"line":34,"column":8},"end":{"line":34,"column":19}},"7":{"start":{"line":48,"column":8},"end":{"line":48,"column":69}},"8":{"start":{"line":50,"column":8},"end":{"line":50,"column":45}},"9":{"start":{"line":51,"column":8},"end":{"line":51,"column":45}},"10":{"start":{"line":52,"column":8},"end":{"line":52,"column":19}},"11":{"start":{"line":62,"column":8},"end":{"line":62,"column":40}}},"branchMap":{"1":{"line":48,"type":"if","locations":[{"start":{"line":48,"column":8},"end":{"line":48,"column":8}},{"start":{"line":48,"column":8},"end":{"line":48,"column":8}}]}}},"contracts/token/VeraCoin.sol":{"l":{"25":110,"26":110},"path":"/Users/proofx/PycharmProjects/vera_contracts/SmartContracts/contracts/token/VeraCoin.sol","s":{"1":110,"2":110},"b":{},"f":{"1":110},"fnMap":{"1":{"name":"VeraCoin","line":24,"loc":{"start":{"line":24,"column":4},"end":{"line":24,"column":21}}}},"statementMap":{"1":{"start":{"line":25,"column":8},"end":{"line":25,"column":35}},"2":{"start":{"line":26,"column":8},"end":{"line":26,"column":44}}},"branchMap":{}},"contracts/token/Withdrawable.sol":{"l":{"9":1},"path":"/Users/proofx/PycharmProjects/vera_contracts/SmartContracts/contracts/token/Withdrawable.sol","s":{"1":1},"b":{},"f":{"1":1},"fnMap":{"1":{"name":"withdraw","line":8,"loc":{"start":{"line":8,"column":4},"end":{"line":8,"column":82}}}},"statementMap":{"1":{"start":{"line":9,"column":8},"end":{"line":9,"column":20}}},"branchMap":{}}}